This file contains any messages produced by compilers while
running configure, to aid debugging if configure makes a mistake.

It was created by sphinx configure 0.9.9, which was
generated by GNU Autoconf 2.61.  Invocation command line was

  $ ./configure --with-mysql --prefix=/home/applications/develop/cpto-php/www/wp-content/uploads/sphinx

## --------- ##
## Platform. ##
## --------- ##

hostname = node244
uname -m = x86_64
uname -r = 3.2.0-49-generic
uname -s = Linux
uname -v = #75-Ubuntu SMP Tue Jun 18 17:39:32 UTC 2013

/usr/bin/uname -p = unknown
/bin/uname -X     = unknown

/bin/arch              = unknown
/usr/bin/arch -k       = unknown
/usr/convex/getsysinfo = unknown
/usr/bin/hostinfo      = unknown
/bin/machine           = unknown
/usr/bin/oslevel       = unknown
/bin/universe          = unknown

PATH: /usr/local/sbin
PATH: /usr/local/bin
PATH: /usr/sbin
PATH: /usr/bin
PATH: /sbin
PATH: /bin


## ----------- ##
## Core tests. ##
## ----------- ##

configure:1778: result: 
configure:1780: result: checking build environment
configure:1783: result: --------------------------
configure:1785: result: 
configure:1835: checking for a BSD-compatible install
configure:1891: result: /usr/bin/install -c
configure:1902: checking whether build environment is sane
configure:1945: result: yes
configure:1973: checking for a thread-safe mkdir -p
configure:2012: result: /bin/mkdir -p
configure:2025: checking for gawk
configure:2041: found /usr/bin/gawk
configure:2052: result: gawk
configure:2063: checking whether make sets $(MAKE)
configure:2084: result: yes
configure:2272: checking whether to enable maintainer-specific portions of Makefiles
configure:2281: result: no
configure:2304: result: 
configure:2306: result: checking for compiler programs
configure:2309: result: ------------------------------
configure:2311: result: 
configure:2325: checking whether to compile debug version
configure:2335: result: no
configure:2399: checking for gcc
configure:2415: found /usr/bin/gcc
configure:2426: result: gcc
configure:2664: checking for C compiler version
configure:2671: gcc --version >&5
gcc (Ubuntu/Linaro 4.6.3-1ubuntu5) 4.6.3
Copyright (C) 2011 Free Software Foundation, Inc.
This is free software; see the source for copying conditions.  There is NO
warranty; not even for MERCHANTABILITY or FITNESS FOR A PARTICULAR PURPOSE.

configure:2674: $? = 0
configure:2681: gcc -v >&5
Using built-in specs.
COLLECT_GCC=gcc
Target: x86_64-linux-gnu
Configured with: ../src/configure -v --with-pkgversion='Ubuntu/Linaro 4.6.3-1ubuntu5' --with-bugurl=file:///usr/share/doc/gcc-4.6/README.Bugs --enable-languages=c,c++,fortran,objc,obj-c++ --prefix=/usr --program-suffix=-4.6 --enable-shared --enable-linker-build-id --with-system-zlib --libexecdir=/usr/lib --without-included-gettext --enable-threads=posix --with-gxx-include-dir=/usr/include/c++/4.6 --libdir=/usr/lib --enable-nls --with-sysroot=/ --enable-clocale=gnu --enable-libstdcxx-debug --enable-libstdcxx-time=yes --enable-gnu-unique-object --enable-plugin --enable-objc-gc --disable-werror --with-arch-32=i686 --with-tune=generic --enable-checking=release --build=x86_64-linux-gnu --host=x86_64-linux-gnu --target=x86_64-linux-gnu
Thread model: posix
gcc version 4.6.3 (Ubuntu/Linaro 4.6.3-1ubuntu5) 
configure:2684: $? = 0
configure:2691: gcc -V >&5
gcc: error: unrecognized option '-V'
gcc: fatal error: no input files
compilation terminated.
configure:2694: $? = 4
configure:2717: checking for C compiler default output file name
configure:2744: gcc -Wall -g -D_FILE_OFFSET_BITS=64 -O3 -DNDEBUG  -I/usr/local/include  conftest.c  -L/usr/local/lib >&5
gcc: error trying to exec 'cc1': execvp: No such file or directory
configure:2747: $? = 1
configure:2785: result: 
configure: failed program was:
| /* confdefs.h.  */
| #define PACKAGE_NAME "sphinx"
| #define PACKAGE_TARNAME "sphinx"
| #define PACKAGE_VERSION "0.9.9"
| #define PACKAGE_STRING "sphinx 0.9.9"
| #define PACKAGE_BUGREPORT "shodan(at)shodan.ru"
| #define PACKAGE "sphinx"
| #define VERSION "0.9.9"
| /* end confdefs.h.  */
| 
| int
| main ()
| {
| 
|   ;
|   return 0;
| }
configure:2792: error: C compiler cannot create executables
See `config.log' for more details.

## ---------------- ##
## Cache variables. ##
## ---------------- ##

ac_cv_env_CCC_set=
ac_cv_env_CCC_value=
ac_cv_env_CC_set=
ac_cv_env_CC_value=
ac_cv_env_CFLAGS_set=
ac_cv_env_CFLAGS_value=
ac_cv_env_CPPFLAGS_set=
ac_cv_env_CPPFLAGS_value=
ac_cv_env_CPP_set=
ac_cv_env_CPP_value=
ac_cv_env_CXXFLAGS_set=
ac_cv_env_CXXFLAGS_value=
ac_cv_env_CXX_set=
ac_cv_env_CXX_value=
ac_cv_env_LDFLAGS_set=
ac_cv_env_LDFLAGS_value=
ac_cv_env_LIBS_set=
ac_cv_env_LIBS_value=
ac_cv_env_build_alias_set=
ac_cv_env_build_alias_value=
ac_cv_env_host_alias_set=
ac_cv_env_host_alias_value=
ac_cv_env_target_alias_set=
ac_cv_env_target_alias_value=
ac_cv_path_install='/usr/bin/install -c'
ac_cv_path_mkdir=/bin/mkdir
ac_cv_prog_AWK=gawk
ac_cv_prog_ac_ct_CC=gcc
ac_cv_prog_make_make_set=yes
ac_cv_use_debug=no

## ----------------- ##
## Output variables. ##
## ----------------- ##

ACLOCAL='${SHELL} /home/applications/develop/cpto-php/www/wp-content/uploads/sphinx/sphinx-0.9.9/config/missing --run aclocal-1.10'
AMDEPBACKSLASH=''
AMDEP_FALSE=''
AMDEP_TRUE=''
AMTAR='${SHELL} /home/applications/develop/cpto-php/www/wp-content/uploads/sphinx/sphinx-0.9.9/config/missing --run tar'
AUTOCONF='${SHELL} /home/applications/develop/cpto-php/www/wp-content/uploads/sphinx/sphinx-0.9.9/config/missing --run autoconf'
AUTOHEADER='${SHELL} /home/applications/develop/cpto-php/www/wp-content/uploads/sphinx/sphinx-0.9.9/config/missing --run autoheader'
AUTOMAKE='${SHELL} /home/applications/develop/cpto-php/www/wp-content/uploads/sphinx/sphinx-0.9.9/config/missing --run automake-1.10'
AWK='gawk'
CC='gcc'
CCDEPMODE=''
CFLAGS='-Wall -g -D_FILE_OFFSET_BITS=64 -O3 -DNDEBUG'
CONFDIR=''
CPP=''
CPPFLAGS=' -I/usr/local/include'
CXX=''
CXXDEPMODE=''
CXXFLAGS='-Wall -g -D_FILE_OFFSET_BITS=64 -O3 -DNDEBUG'
CYGPATH_W='echo'
DEFS=''
DEPDIR=''
ECHO_C=''
ECHO_N='-n'
ECHO_T=''
EGREP=''
EXEEXT=''
GREP=''
INSTALL_DATA='${INSTALL} -m 644'
INSTALL_PROGRAM='${INSTALL}'
INSTALL_SCRIPT='${INSTALL}'
INSTALL_STRIP_PROGRAM='$(install_sh) -c -s'
LDFLAGS=''
LIBOBJS=''
LIBRT=''
LIBS=' -L/usr/local/lib'
LTLIBOBJS=''
MAINT='#'
MAINTAINER_MODE_FALSE=''
MAINTAINER_MODE_TRUE='#'
MAKEINFO='${SHELL} /home/applications/develop/cpto-php/www/wp-content/uploads/sphinx/sphinx-0.9.9/config/missing --run makeinfo'
MYSQL_CFLAGS=''
MYSQL_LIBS=''
OBJEXT=''
PACKAGE='sphinx'
PACKAGE_BUGREPORT='shodan(at)shodan.ru'
PACKAGE_NAME='sphinx'
PACKAGE_STRING='sphinx 0.9.9'
PACKAGE_TARNAME='sphinx'
PACKAGE_VERSION='0.9.9'
PATH_SEPARATOR=':'
PGSQL_CFLAGS=''
PGSQL_LIBS=''
RANLIB=''
SET_MAKE=''
SHELL='/bin/bash'
STRIP=''
USE_LIBSTEMMER_FALSE=''
USE_LIBSTEMMER_TRUE=''
USE_MYSQL_FALSE=''
USE_MYSQL_TRUE=''
USE_PGSQL_FALSE=''
USE_PGSQL_TRUE=''
VERSION='0.9.9'
ac_ct_CC='gcc'
ac_ct_CXX=''
am__fastdepCC_FALSE=''
am__fastdepCC_TRUE=''
am__fastdepCXX_FALSE=''
am__fastdepCXX_TRUE=''
am__include=''
am__isrc=''
am__leading_dot='.'
am__quote=''
am__tar='${AMTAR} chof - "$$tardir"'
am__untar='${AMTAR} xf -'
bindir='${exec_prefix}/bin'
build_alias=''
datadir='${datarootdir}'
datarootdir='${prefix}/share'
docdir='${datarootdir}/doc/${PACKAGE_TARNAME}'
dvidir='${docdir}'
exec_prefix='NONE'
host_alias=''
htmldir='${docdir}'
includedir='${prefix}/include'
infodir='${datarootdir}/info'
install_sh='$(SHELL) /home/applications/develop/cpto-php/www/wp-content/uploads/sphinx/sphinx-0.9.9/config/install-sh'
libdir='${exec_prefix}/lib'
libexecdir='${exec_prefix}/libexec'
localedir='${datarootdir}/locale'
localstatedir='${prefix}/var'
mandir='${datarootdir}/man'
mkdir_p='/bin/mkdir -p'
oldincludedir='/usr/include'
pdfdir='${docdir}'
pgconfig=''
prefix='/home/applications/develop/cpto-php/www/wp-content/uploads/sphinx'
program_transform_name='s,x,x,'
psdir='${docdir}'
sbindir='${exec_prefix}/sbin'
sharedstatedir='${prefix}/com'
sysconfdir='${prefix}/etc'
target_alias=''

## ----------- ##
## confdefs.h. ##
## ----------- ##

#define PACKAGE_NAME "sphinx"
#define PACKAGE_TARNAME "sphinx"
#define PACKAGE_VERSION "0.9.9"
#define PACKAGE_STRING "sphinx 0.9.9"
#define PACKAGE_BUGREPORT "shodan(at)shodan.ru"
#define PACKAGE "sphinx"
#define VERSION "0.9.9"

configure: exit 77
